<?xml version="1.0" encoding="utf-8"?>
<TestRun id="f697ec17-95f1-4508-a37e-7deab2f13eb6" name="Gigabyte@DESKTOP-00L0PU2 2022-12-15 09:56:45" runUser="DESKTOP-00L0PU2\Gigabyte" xmlns="http://microsoft.com/schemas/VisualStudio/TeamTest/2010">
  <Times creation="2022-12-15T09:56:45.6315185+02:00" queuing="2022-12-15T09:56:45.6315187+02:00" start="2022-12-15T09:56:43.9562844+02:00" finish="2022-12-15T09:56:45.6408328+02:00" />
  <TestSettings name="default" id="ac2e073a-fae7-43f4-b35d-b824a0020a17">
    <Deployment runDeploymentRoot="Gigabyte_DESKTOP-00L0PU2_2022-12-15_09_56_45" />
  </TestSettings>
  <Results>
    <UnitTestResult executionId="195aae62-05dc-4ac1-9acf-3b4fba0c34a1" testId="a6146bde-b70c-f206-a163-0ffc93817c2f" testName="Streetcode.Tests.UnitTest1.Test1" computerName="DESKTOP-00L0PU2" duration="00:00:00.0057168" startTime="2022-12-15T09:56:45.5378386+02:00" endTime="2022-12-15T09:56:45.5378600+02:00" testType="13cdc9d9-ddb5-4fa4-a97d-d965ccfc6d4b" outcome="Failed" testListId="8c84fa94-04c1-424b-9868-57a2d4851a1d" relativeResultsDirectory="195aae62-05dc-4ac1-9acf-3b4fba0c34a1">
      <Output>
        <ErrorInfo>
          <Message>Assert.Equal() Failure&#xD;
Expected: Editor&#xD;
Actual:   Illustrator</Message>
          <StackTrace>   at Streetcode.Tests.UnitTest1.Test1() in C:\Users\Gigabyte\RiderProjects\StreetCode\Streetcode\Streetcode.Tests\UnitTest1.cs:line 10</StackTrace>
        </ErrorInfo>
      </Output>
    </UnitTestResult>
    <UnitTestResult executionId="0c372f55-11f8-4c28-85fd-ab96f0bf9c7c" testId="67aa7824-f29b-5b40-5116-64e3350dcd88" testName="Streetcode.Tests.UnitTest1.Test2" computerName="DESKTOP-00L0PU2" duration="00:00:00.0006830" startTime="2022-12-15T09:56:45.5413351+02:00" endTime="2022-12-15T09:56:45.5413352+02:00" testType="13cdc9d9-ddb5-4fa4-a97d-d965ccfc6d4b" outcome="Passed" testListId="8c84fa94-04c1-424b-9868-57a2d4851a1d" relativeResultsDirectory="0c372f55-11f8-4c28-85fd-ab96f0bf9c7c" />
  </Results>
  <TestDefinitions>
    <UnitTest name="Streetcode.Tests.UnitTest1.Test1" storage="c:\users\gigabyte\riderprojects\streetcode\streetcode\streetcode.tests\bin\debug\net6.0\streetcode.tests.dll" id="a6146bde-b70c-f206-a163-0ffc93817c2f">
      <Execution id="195aae62-05dc-4ac1-9acf-3b4fba0c34a1" />
      <TestMethod codeBase="C:\Users\Gigabyte\RiderProjects\StreetCode\Streetcode\Streetcode.Tests\bin\Debug\net6.0\Streetcode.Tests.dll" adapterTypeName="executor://xunit/VsTestRunner2/netcoreapp" className="Streetcode.Tests.UnitTest1" name="Test1" />
    </UnitTest>
    <UnitTest name="Streetcode.Tests.UnitTest1.Test2" storage="c:\users\gigabyte\riderprojects\streetcode\streetcode\streetcode.tests\bin\debug\net6.0\streetcode.tests.dll" id="67aa7824-f29b-5b40-5116-64e3350dcd88">
      <Execution id="0c372f55-11f8-4c28-85fd-ab96f0bf9c7c" />
      <TestMethod codeBase="C:\Users\Gigabyte\RiderProjects\StreetCode\Streetcode\Streetcode.Tests\bin\Debug\net6.0\Streetcode.Tests.dll" adapterTypeName="executor://xunit/VsTestRunner2/netcoreapp" className="Streetcode.Tests.UnitTest1" name="Test2" />
    </UnitTest>
  </TestDefinitions>
  <TestEntries>
    <TestEntry testId="a6146bde-b70c-f206-a163-0ffc93817c2f" executionId="195aae62-05dc-4ac1-9acf-3b4fba0c34a1" testListId="8c84fa94-04c1-424b-9868-57a2d4851a1d" />
    <TestEntry testId="67aa7824-f29b-5b40-5116-64e3350dcd88" executionId="0c372f55-11f8-4c28-85fd-ab96f0bf9c7c" testListId="8c84fa94-04c1-424b-9868-57a2d4851a1d" />
  </TestEntries>
  <TestLists>
    <TestList name="Список результатов" id="8c84fa94-04c1-424b-9868-57a2d4851a1d" />
    <TestList name="Все загруженные результаты" id="19431567-8539-422a-85d7-44ee4e166bda" />
  </TestLists>
  <ResultSummary outcome="Failed">
    <Counters total="2" executed="2" passed="1" failed="1" error="0" timeout="0" aborted="0" inconclusive="0" passedButRunAborted="0" notRunnable="0" notExecuted="0" disconnected="0" warning="0" completed="0" inProgress="0" pending="0" />
    <Output>
      <StdOut>[xUnit.net 00:00:00.00] xUnit.net VSTest Adapter v2.4.3+1b45f5407b (64-bit .NET 6.0.6)&#xD;
[xUnit.net 00:00:00.63]   Discovering: Streetcode.Tests&#xD;
[xUnit.net 00:00:00.66]   Discovered:  Streetcode.Tests&#xD;
[xUnit.net 00:00:00.66]   Starting:    Streetcode.Tests&#xD;
[xUnit.net 00:00:00.74]       Assert.Equal() Failure&#xD;
[xUnit.net 00:00:00.74]       Expected: Editor&#xD;
[xUnit.net 00:00:00.74]       Actual:   Illustrator&#xD;
[xUnit.net 00:00:00.74]       Stack Trace:&#xD;
[xUnit.net 00:00:00.74]         C:\Users\Gigabyte\RiderProjects\StreetCode\Streetcode\Streetcode.Tests\UnitTest1.cs(10,0): at Streetcode.Tests.UnitTest1.Test1()&#xD;
[xUnit.net 00:00:00.74]   Finished:    Streetcode.Tests&#xD;
</StdOut>
    </Output>
    <RunInfos>
      <RunInfo computerName="DESKTOP-00L0PU2" outcome="Min" timestamp="2022-12-15T09:56:45.5345626+02:00">
        <Text>[xUnit.net 00:00:00.74]     Streetcode.Tests.UnitTest1.Test1 [FAIL]</Text>
      </RunInfo>
    </RunInfos>
  </ResultSummary>
</TestRun>